<?xml version="1.0" encoding="UTF-8"?>
<!-- Generated by org.testng.reporters.JUnitXMLReporter -->
<testsuite ignored="0" hostname="LAPTOP-LCIH0EQT" failures="0" tests="3" name="Default test" time="0.047" errors="0" timestamp="2023-06-12T22:19:02 IST">
  <testcase classname="TestCase.DWS_Register_001" name="register" time="0.005"/>
  <testcase classname="TestCase.DWS_Register_001" name="register" time="0.002"/>
  <testcase classname="TestCase.DWS_Register_001" name="register" time="0.001"/>
</testsuite> <!-- Default test -->
