<?xml version="1.0" encoding="UTF-8"?>
<testng-results ignored="0" total="3" passed="3" failed="0" skipped="0">
  <reporter-output>
  </reporter-output>
  <suite started-at="2023-06-12T22:19:01 IST" name="Default suite" finished-at="2023-06-12T22:19:01 IST" duration-ms="47">
    <groups>
    </groups>
    <test started-at="2023-06-12T22:19:01 IST" name="Default test" finished-at="2023-06-12T22:19:01 IST" duration-ms="47">
      <class name="TestCase.DWS_Register_001">
        <test-method signature="register(java.lang.String,java.lang.String,java.lang.String,java.lang.String,java.lang.String)[pri:0, instance:TestCase.DWS_Register_001@7c7b252e]" started-at="2023-06-12T22:19:01 IST" name="register" data-provider="Register" finished-at="2023-06-12T22:19:01 IST" duration-ms="5" status="PASS">
          <params>
            <param index="0">
              <value>
                <![CDATA[manu]]>
              </value>
            </param>
            <param index="1">
              <value>
                <![CDATA[manu@gmal.com]]>
              </value>
            </param>
            <param index="2">
              <value>
                <![CDATA[R1me827@]]>
              </value>
            </param>
            <param index="3">
              <value>
                <![CDATA[8217056420]]>
              </value>
            </param>
            <param index="4">
              <value>
                <![CDATA[REVA]]>
              </value>
            </param>
          </params>
          <reporter-output>
          </reporter-output>
        </test-method> <!-- register -->
        <test-method signature="register(java.lang.String,java.lang.String,java.lang.String,java.lang.String,java.lang.String)[pri:0, instance:TestCase.DWS_Register_001@7c7b252e]" started-at="2023-06-12T22:19:01 IST" name="register" data-provider="Register" finished-at="2023-06-12T22:19:01 IST" duration-ms="2" status="PASS">
          <params>
            <param index="0">
              <value>
                <![CDATA[maruthi]]>
              </value>
            </param>
            <param index="1">
              <value>
                <![CDATA[maruthi@gmal.com]]>
              </value>
            </param>
            <param index="2">
              <value>
                <![CDATA[R1me828@]]>
              </value>
            </param>
            <param index="3">
              <value>
                <![CDATA[8217056410]]>
              </value>
            </param>
            <param index="4">
              <value>
                <![CDATA[REVA]]>
              </value>
            </param>
          </params>
          <reporter-output>
          </reporter-output>
        </test-method> <!-- register -->
        <test-method signature="register(java.lang.String,java.lang.String,java.lang.String,java.lang.String,java.lang.String)[pri:0, instance:TestCase.DWS_Register_001@7c7b252e]" started-at="2023-06-12T22:19:01 IST" name="register" data-provider="Register" finished-at="2023-06-12T22:19:01 IST" duration-ms="1" status="PASS">
          <params>
            <param index="0">
              <value>
                <![CDATA[dikshith]]>
              </value>
            </param>
            <param index="1">
              <value>
                <![CDATA[dikshith@gmal.com]]>
              </value>
            </param>
            <param index="2">
              <value>
                <![CDATA[R1me829@]]>
              </value>
            </param>
            <param index="3">
              <value>
                <![CDATA[8217056421]]>
              </value>
            </param>
            <param index="4">
              <value>
                <![CDATA[REVA]]>
              </value>
            </param>
          </params>
          <reporter-output>
          </reporter-output>
        </test-method> <!-- register -->
      </class> <!-- TestCase.DWS_Register_001 -->
    </test> <!-- Default test -->
  </suite> <!-- Default suite -->
</testng-results>
