<?xml version="1.0" encoding="UTF-8"?>
<!-- Generated by org.testng.reporters.JUnitXMLReporter -->
<testsuite ignored="0" hostname="LAPTOP-LCIH0EQT" failures="0" tests="3" name="Default test" time="0.05" errors="0" timestamp="2023-06-11T19:46:47 IST">
  <testcase classname="data_provider.data_driven_testing" name="testing" time="0.006"/>
  <testcase classname="data_provider.data_driven_testing" name="testing" time="0.002"/>
  <testcase classname="data_provider.data_driven_testing" name="testing" time="0.002"/>
</testsuite> <!-- Default test -->
