<?xml version="1.0" encoding="UTF-8"?>
<testng-results ignored="0" total="1" passed="1" failed="0" skipped="0">
  <reporter-output>
  </reporter-output>
  <suite started-at="2023-11-05T21:11:16 IST" name="Default suite" finished-at="2023-11-05T21:11:26 IST" duration-ms="9767">
    <groups>
    </groups>
    <test started-at="2023-11-05T21:11:16 IST" name="Default test" finished-at="2023-11-05T21:11:26 IST" duration-ms="9767">
      <class name="test_scrpts.DemoWebShop_LoginPage_001">
        <test-method is-config="true" signature="launchbrowser()[pri:0, instance:test_scrpts.DemoWebShop_LoginPage_001@3023df74]" started-at="2023-11-05T21:11:16 IST" name="launchbrowser" finished-at="2023-11-05T21:11:23 IST" duration-ms="7035" status="PASS">
          <reporter-output>
          </reporter-output>
        </test-method> <!-- launchbrowser -->
        <test-method signature="loginPage()[pri:0, instance:test_scrpts.DemoWebShop_LoginPage_001@3023df74]" started-at="2023-11-05T21:11:23 IST" name="loginPage" finished-at="2023-11-05T21:11:25 IST" duration-ms="2314" status="PASS">
          <reporter-output>
          </reporter-output>
        </test-method> <!-- loginPage -->
        <test-method is-config="true" signature="closebrowser()[pri:0, instance:test_scrpts.DemoWebShop_LoginPage_001@3023df74]" started-at="2023-11-05T21:11:25 IST" name="closebrowser" finished-at="2023-11-05T21:11:26 IST" duration-ms="364" status="PASS">
          <reporter-output>
          </reporter-output>
        </test-method> <!-- closebrowser -->
      </class> <!-- test_scrpts.DemoWebShop_LoginPage_001 -->
    </test> <!-- Default test -->
  </suite> <!-- Default suite -->
</testng-results>
